
--- Job distflow2.gms Start 04/21/23 19:16:42 24.4.6 r52609 WEX-WEI x86 64bit/MS Windows
GAMS 24.4.6   Copyright (C) 1987-2015 GAMS Development. All rights reserved
Licensee: Small MUD - 5 User License                     S181221:0542AO-WIN
          Hohai University, College of Energy and Electrical EngineeDC11740
          License for teaching and research at degree granting institutions
          License_Admin:_Guoqiang_Sun,_zanghaixiang@hhu.edu.cn_____________
--- Starting compilation
--- distflow2.gms(6) 2 Mb
--- .busi.inc(44) 3 Mb
--- distflow2.gms(9) 3 Mb
--- .busitem.inc(12) 3 Mb
--- distflow2.gms(12) 3 Mb
--- .bchi.inc(48) 3 Mb
--- distflow2.gms(15) 3 Mb
--- .bchitem.inc(12) 3 Mb
--- distflow2.gms(18) 3 Mb
--- .geni.inc(12) 3 Mb
--- distflow2.gms(21) 3 Mb
--- .genitem.inc(12) 3 Mb
--- distflow2.gms(27) 3 Mb
--- .Dbus.inc(45) 3 Mb
--- distflow2.gms(29) 3 Mb
--- .Dbch.inc(49) 3 Mb
--- distflow2.gms(31) 3 Mb
--- .Dgen.inc(13) 3 Mb
--- distflow2.gms(142) 3 Mb
--- Starting execution: elapsed 0:00:00.005
--- distflow2.gms(337) 4 Mb
--- Generating QCP model OPF41
--- distflow2.gms(377) 7 Mb
---   141 rows  147 columns  559 non-zeroes
---   629 nl-code  148 nl-non-zeroes
--- distflow2.gms(377) 4 Mb
--- Executing CONOPT: elapsed 0:00:00.123
CONOPT 3         24.4.6 r52609 Released Jun 26, 2015 WEI x86 64bit/MS Windows 
 
 
    C O N O P T 3   version 3.16F
    Copyright (C)   ARKI Consulting and Development A/S
                    Bagsvaerdvej 246 A
                    DK-2880 Bagsvaerd, Denmark
 
 
   Iter Phase Ninf   Infeasibility   RGmax    NSB   Step InItr MX OK
      0   0        6.0150000000E+00 (Input point)
                                Pre-triangular equations:        0
                                Post-triangular equations:       1
                                Definitional equations:          3
      1   0        6.0150000000E+00 (After pre-processing)
      2   0        6.0150000000E+00 (After scaling)
     10   0     8  6.0150000000E+00               0.0E+00      F  F
     20   0    18  6.0150000000E+00               0.0E+00      F  F
     30   0    28  6.0150000000E+00               0.0E+00      F  F
     40   0    38  6.0150000000E+00               0.0E+00      F  F
 
   Iter Phase Ninf   Infeasibility   RGmax    NSB   Step InItr MX OK
     50   0    48  6.0150000000E+00               0.0E+00      F  F
     60   0    58  6.0150000000E+00               0.0E+00      F  F
     66   1    61  5.8612371741E+00 1.0E+00     6 1.0E+00    3 T  T
 
 ** Feasible solution. Value of objective =    77.0114612746
 
   Iter Phase Ninf     Objective     RGmax    NSB   Step InItr MX OK
     71   3        7.6635428749E+01 4.0E+01     6 4.9E-03    4 F  F
     81   4        7.6300007433E+01 4.8E-07     5 1.0E+00    1 F  T
     82   4        7.6300007433E+01 3.1E-08     5
 
 ** Optimal solution. Reduced gradient less than tolerance.
 
--- Restarting execution
--- distflow2.gms(377) 2 Mb
--- Reading solution for model OPF41
--- Executing after solve: elapsed 0:00:00.251
--- distflow2.gms(382) 3 Mb
*** Status: Normal completion
--- Job distflow2.gms Stop 04/21/23 19:16:42 elapsed 0:00:00.251
